
[20/06/2023 19:11:40] “JP” “PRODUCT SEARCH” 
[20/06/2023 19:11:42] “JP” “PRODUCT SEARCH” 
[20/06/2023 22:44:16] “JP” “PRODUCT SEARCH” 
[20/06/2023 23:04:36] “JP” “PRODUCT SEARCH” 
[21/06/2023 00:31:12] “JP” “PRODUCT SEARCH” 
[21/06/2023 09:20:43] “JP” “PRODUCT SEARCH” 
[21/06/2023 09:43:54] “JP” “PRODUCT SEARCH” 
[21/06/2023 09:44:16] “JP” “PRODUCT SEARCH” 
[21/06/2023 09:45:22] “JP” “PRODUCT SEARCH” 
[21/06/2023 10:42:30] “JP” “PRODUCT SEARCH” 
[21/06/2023 10:42:57] “JP” “PRODUCT SEARCH” 
[21/06/2023 11:18:47] “JP” “PRODUCT SEARCH” 
[21/06/2023 11:22:44] “JP” “PRODUCT SEARCH” 
[21/06/2023 11:25:39] “JP” “PRODUCT SEARCH” 
[21/06/2023 11:29:49] “JP” “PRODUCT SEARCH” 
[21/06/2023 11:31:12] “JP” “PRODUCT SEARCH” 
[21/06/2023 11:31:40] “JP” “PRODUCT SEARCH” 
[21/06/2023 14:05:42] “JP” “PRODUCT SEARCH” 
[21/06/2023 14:17:37] “JP” “PRODUCT SEARCH” 
[21/06/2023 14:17:42] “JP” “PRODUCT SEARCH” 
[21/06/2023 14:17:50] “JP” “PRODUCT SEARCH” 
[21/06/2023 14:17:57] “JP” “PRODUCT SEARCH” 
[21/06/2023 14:18:04] “JP” “PRODUCT SEARCH” 
[21/06/2023 14:18:08] “JP” “PRODUCT SEARCH” 
[21/06/2023 14:22:00] “JP” “PRODUCT SEARCH” ”乳酸”
[21/06/2023 14:30:33] “JP” “PRODUCT SEARCH” ”つや感”
[21/06/2023 14:30:52] “JP” “PRODUCT SEARCH” ”Inullin”
[21/06/2023 14:30:57] “JP” “PRODUCT SEARCH” ”パール”
[21/06/2023 14:31:00] “JP” “PRODUCT SEARCH” 
[21/06/2023 14:49:15] “JP” “PRODUCT SEARCH” 
[21/06/2023 14:53:16] “JP” “PRODUCT SEARCH” 
[21/06/2023 14:53:25] “JP” “PRODUCT SEARCH” 
[21/06/2023 15:23:17] “JP” “PRODUCT SEARCH” 
[21/06/2023 15:47:10] “JP” “PRODUCT SEARCH” ”エルカラルトン”
[21/06/2023 15:47:22] “JP” “PRODUCT SEARCH” 
[21/06/2023 15:51:18] “JP” “PRODUCT SEARCH” ”エルカラルトン”
[21/06/2023 15:51:33] “JP” “PRODUCT SEARCH” ”毛髪”
[21/06/2023 15:52:42] “JP” “PRODUCT SEARCH” ”毛髪”
[21/06/2023 15:52:45] “JP” “PRODUCT SEARCH” ”毛髪”
[21/06/2023 15:56:42] “JP” “PRODUCT SEARCH” 
[21/06/2023 16:05:46] “JP” “PRODUCT SEARCH” 
[21/06/2023 16:06:50] “JP” “PRODUCT SEARCH” ”毛髪”
[21/06/2023 16:08:03] “JP” “PRODUCT SEARCH” 
[21/06/2023 16:10:24] “JP” “PRODUCT SEARCH” ”毛髪”
[21/06/2023 16:35:42] “JP” “PRODUCT SEARCH” 
[21/06/2023 16:38:57] “JP” “PRODUCT SEARCH” ”V”
[21/06/2023 16:45:56] “JP” “PRODUCT SEARCH” ”セバチン酸”
[21/06/2023 17:16:02] “JP” “PRODUCT SEARCH” 
[21/06/2023 17:29:02] “JP” “PRODUCT SEARCH” 
[21/06/2023 17:31:23] “JP” “PRODUCT SEARCH” 
[21/06/2023 17:35:50] “JP” “PRODUCT SEARCH” ”TREMOIST-SL”
[21/06/2023 18:26:41] “JP” “PRODUCT SEARCH” ”RSPO”
[21/06/2023 18:59:15] “JP” “PRODUCT SEARCH” 
[21/06/2023 19:39:59] “JP” “PRODUCT SEARCH” 
[22/06/2023 10:03:09] “JP” “PRODUCT SEARCH” ”pla”
[22/06/2023 10:14:13] “JP” “PRODUCT SEARCH” ”FineNeo™-EHS”
[22/06/2023 10:15:48] “JP” “PRODUCT SEARCH” ”FineNeo™-DES”
[22/06/2023 10:16:00] “JP” “PRODUCT SEARCH” ”FineNeo™-DIA”
[22/06/2023 10:16:11] “JP” “PRODUCT SEARCH” ”FineNeo™-IPM”
[22/06/2023 10:34:52] “JP” “PRODUCT SEARCH” 
[22/06/2023 10:42:27] “JP” “PRODUCT SEARCH” 
[22/06/2023 10:42:27] “JP” “PRODUCT SEARCH” 
[22/06/2023 10:48:38] “JP” “PRODUCT SEARCH” 
[22/06/2023 10:49:18] “JP” “PRODUCT SEARCH” 
[22/06/2023 10:49:50] “JP” “PRODUCT SEARCH” 
[22/06/2023 10:50:13] “JP” “PRODUCT SEARCH” 
[22/06/2023 10:50:30] “JP” “PRODUCT SEARCH” 
[22/06/2023 10:50:55] “JP” “PRODUCT SEARCH” ”pytocompo”
[22/06/2023 10:50:59] “JP” “PRODUCT SEARCH” 
[22/06/2023 11:07:25] “JP” “PRODUCT SEARCH” ”phtopresome”
[22/06/2023 11:07:29] “JP” “PRODUCT SEARCH” 
[22/06/2023 11:08:28] “JP” “PRODUCT SEARCH” ”phto”
[22/06/2023 11:08:37] “JP” “PRODUCT SEARCH” 
[22/06/2023 11:13:50] “JP” “PRODUCT SEARCH” ”Toremoist”
[22/06/2023 11:14:04] “JP” “PRODUCT SEARCH” 
[22/06/2023 12:51:03] “JP” “PRODUCT SEARCH” 
[22/06/2023 12:51:21] “JP” “PRODUCT SEARCH” 
[22/06/2023 13:05:14] “JP” “PRODUCT SEARCH” 
[22/06/2023 13:45:39] “JP” “PRODUCT SEARCH” 
[22/06/2023 14:42:53] “JP” “PRODUCT SEARCH” 
[22/06/2023 14:43:30] “JP” “PRODUCT SEARCH” 
[22/06/2023 14:43:40] “JP” “PRODUCT SEARCH” 
[22/06/2023 14:45:23] “JP” “PRODUCT SEARCH” 
[22/06/2023 14:45:32] “JP” “PRODUCT SEARCH” 
[22/06/2023 14:45:35] “JP” “PRODUCT SEARCH” 
[22/06/2023 14:45:46] “JP” “PRODUCT SEARCH” 
[22/06/2023 14:45:59] “JP” “PRODUCT SEARCH” 
[22/06/2023 14:46:14] “JP” “PRODUCT SEARCH” 
[22/06/2023 14:49:11] “JP” “PRODUCT SEARCH” ”RepairLipid－DSL”
[22/06/2023 15:15:30] “JP” “PRODUCT SEARCH” ”GAMMA-DOCOSALACTONE”
[22/06/2023 15:29:58] “JP” “PRODUCT SEARCH” 
[22/06/2023 15:38:44] “JP” “PRODUCT SEARCH” 
[22/06/2023 15:44:22] “JP” “PRODUCT SEARCH” 
[22/06/2023 15:44:25] “JP” “PRODUCT SEARCH” 
[22/06/2023 16:20:52] “JP” “PRODUCT SEARCH” ”pla”
[22/06/2023 16:53:50] “JP” “PRODUCT SEARCH” 
[22/06/2023 16:55:46] “JP” “PRODUCT SEARCH” 
[22/06/2023 16:56:09] “JP” “PRODUCT SEARCH” 
[22/06/2023 16:57:38] “JP” “PRODUCT SEARCH” 
[22/06/2023 18:02:32] “JP” “PRODUCT SEARCH” 
[22/06/2023 23:28:57] “JP” “PRODUCT SEARCH” 
[23/06/2023 02:12:47] “JP” “PRODUCT SEARCH” ”PE”
[23/06/2023 08:17:53] “JP” “PRODUCT SEARCH” 
[23/06/2023 08:43:04] “JP” “PRODUCT SEARCH” 
[23/06/2023 09:22:37] “JP” “PRODUCT SEARCH” 
[23/06/2023 10:00:20] “JP” “PRODUCT SEARCH” 
[23/06/2023 10:03:24] “JP” “PRODUCT SEARCH” 
[23/06/2023 10:19:37] “JP” “PRODUCT SEARCH” ”クオタニウム”
[23/06/2023 10:20:17] “JP” “PRODUCT SEARCH” ”クオタニウム”
[23/06/2023 10:20:30] “JP” “PRODUCT SEARCH” ”クオタニウム”
[23/06/2023 10:48:16] “JP” “PRODUCT SEARCH” 
[23/06/2023 11:51:21] “JP” “PRODUCT SEARCH” 
[23/06/2023 11:59:45] “JP” “PRODUCT SEARCH” 
[23/06/2023 12:00:07] “JP” “PRODUCT SEARCH” 
[23/06/2023 12:06:57] “JP” “PRODUCT SEARCH” 
[23/06/2023 13:31:33] “JP” “PRODUCT SEARCH” ”Repair　Lipid　DSL”
[23/06/2023 13:56:19] “JP” “PRODUCT SEARCH” 
[23/06/2023 13:58:43] “JP” “PRODUCT SEARCH” ”Phytopresome™ FA OR”
[23/06/2023 13:58:51] “JP” “PRODUCT SEARCH” ”Phytopresome　”
[23/06/2023 14:19:21] “JP” “PRODUCT SEARCH” 
[23/06/2023 14:19:54] “JP” “PRODUCT SEARCH” 
[23/06/2023 14:20:13] “JP” “PRODUCT SEARCH” 
[23/06/2023 14:20:28] “JP” “PRODUCT SEARCH” 
[23/06/2023 14:20:37] “JP” “PRODUCT SEARCH” 
[23/06/2023 14:21:23] “JP” “PRODUCT SEARCH” 
[23/06/2023 14:21:33] “JP” “PRODUCT SEARCH” 
[23/06/2023 14:21:49] “JP” “PRODUCT SEARCH” ”ダイマー”
[23/06/2023 14:22:12] “JP” “PRODUCT SEARCH” 
[23/06/2023 14:22:43] “JP” “PRODUCT SEARCH” 
[23/06/2023 14:23:13] “JP” “PRODUCT SEARCH” 
[23/06/2023 14:23:45] “JP” “PRODUCT SEARCH” 
[23/06/2023 14:24:07] “JP” “PRODUCT SEARCH” 
[23/06/2023 14:26:37] “JP” “PRODUCT SEARCH” 
[23/06/2023 14:26:51] “JP” “PRODUCT SEARCH” ”ダイマー”
[23/06/2023 14:27:05] “JP” “PRODUCT SEARCH” 
[23/06/2023 14:27:14] “JP” “PRODUCT SEARCH” ”ダイマー”
[23/06/2023 14:28:21] “JP” “PRODUCT SEARCH” ”GR”
[23/06/2023 14:29:26] “JP” “PRODUCT SEARCH” 
[23/06/2023 14:29:40] “JP” “PRODUCT SEARCH” 
[23/06/2023 14:29:53] “JP” “PRODUCT SEARCH” 
[23/06/2023 14:29:59] “JP” “PRODUCT SEARCH” 
[23/06/2023 14:30:13] “JP” “PRODUCT SEARCH” 
[23/06/2023 14:30:17] “JP” “PRODUCT SEARCH” ”ダイマージリノール酸ダイマージリノレイル”
[23/06/2023 14:41:14] “JP” “PRODUCT SEARCH” 
[23/06/2023 14:41:47] “JP” “PRODUCT SEARCH” 
[23/06/2023 14:41:49] “JP” “PRODUCT SEARCH” 
[23/06/2023 14:59:14] “JP” “PRODUCT SEARCH” 
[23/06/2023 14:59:37] “JP” “PRODUCT SEARCH” ”エチルヘキサン酸セチル”
[23/06/2023 15:06:07] “JP” “PRODUCT SEARCH” 
[23/06/2023 15:22:44] “JP” “PRODUCT SEARCH” ”FA-NH”
[23/06/2023 15:22:44] “JP” “PRODUCT SEARCH” ”FA-NH”
[23/06/2023 15:22:45] “JP” “PRODUCT SEARCH” ”FA-NH”
[23/06/2023 15:22:48] “JP” “PRODUCT SEARCH” ”FA”
[23/06/2023 15:22:48] “JP” “PRODUCT SEARCH” ”FA”
[23/06/2023 15:50:05] “JP” “PRODUCT SEARCH” 
[23/06/2023 15:50:58] “JP” “PRODUCT SEARCH” 
[23/06/2023 15:53:33] “JP” “PRODUCT SEARCH” ”チタン”
[23/06/2023 15:53:35] “JP” “PRODUCT SEARCH” 
[23/06/2023 15:53:56] “JP” “PRODUCT SEARCH” 
[23/06/2023 15:54:32] “JP” “PRODUCT SEARCH” 
[23/06/2023 15:55:07] “JP” “PRODUCT SEARCH” 
[23/06/2023 15:55:18] “JP” “PRODUCT SEARCH” 
[23/06/2023 15:55:26] “JP” “PRODUCT SEARCH” 
[23/06/2023 15:55:34] “JP” “PRODUCT SEARCH” 
[23/06/2023 15:59:09] “JP” “PRODUCT SEARCH” 
[23/06/2023 15:59:17] “JP” “PRODUCT SEARCH” 
[23/06/2023 16:04:27] “JP” “PRODUCT SEARCH” 
[23/06/2023 16:14:32] “JP” “PRODUCT SEARCH” 
[23/06/2023 16:16:46] “JP” “PRODUCT SEARCH” ”ホスファチジルイノシトール”
[23/06/2023 16:25:26] “JP” “PRODUCT SEARCH” 
[23/06/2023 16:25:33] “JP” “PRODUCT SEARCH” ”:シクロヘキサン-1，4-ジカルボン酸ビスエトキシジグリコール”
[23/06/2023 16:25:36] “JP” “PRODUCT SEARCH” ”:シクロヘキサン-1，4-ジカルボン酸”
[23/06/2023 16:25:43] “JP” “PRODUCT SEARCH” ”あくりお”
[23/06/2023 16:26:44] “JP” “PRODUCT SEARCH” 
[23/06/2023 16:26:51] “JP” “PRODUCT SEARCH” 
[23/06/2023 16:26:58] “JP” “PRODUCT SEARCH” 
[23/06/2023 16:27:07] “JP” “PRODUCT SEARCH” 
[23/06/2023 17:53:21] “JP” “PRODUCT SEARCH” 
[24/06/2023 01:01:43] “JP” “PRODUCT SEARCH” 
[24/06/2023 01:02:49] “JP” “PRODUCT SEARCH” 
[24/06/2023 01:03:17] “JP” “PRODUCT SEARCH” 
[24/06/2023 01:10:58] “JP” “PRODUCT SEARCH” ”毛髪補修”
[24/06/2023 23:36:47] “JP” “PRODUCT SEARCH” 
[25/06/2023 21:23:45] “JP” “PRODUCT SEARCH” 
[26/06/2023 08:46:19] “JP” “PRODUCT SEARCH” 
[26/06/2023 08:54:36] “JP” “PRODUCT SEARCH” 
[26/06/2023 08:56:31] “JP” “PRODUCT SEARCH” 
[26/06/2023 09:08:00] “JP” “PRODUCT SEARCH” 
[26/06/2023 09:13:24] “JP” “PRODUCT SEARCH” 
[26/06/2023 09:46:36] “JP” “PRODUCT SEARCH” ”ecocert”
[26/06/2023 10:04:55] “JP” “PRODUCT SEARCH” 
[26/06/2023 10:09:29] “JP” “PRODUCT SEARCH” 
[26/06/2023 10:30:28] “JP” “PRODUCT SEARCH” 
[26/06/2023 10:42:52] “JP” “PRODUCT SEARCH” 
[26/06/2023 10:51:08] “JP” “PRODUCT SEARCH” 
[26/06/2023 10:51:48] “JP” “PRODUCT SEARCH” ”Q”
[26/06/2023 10:52:04] “JP” “PRODUCT SEARCH” ”Q”
[26/06/2023 10:52:18] “JP” “PRODUCT SEARCH” ”Q”
[26/06/2023 10:52:34] “JP” “PRODUCT SEARCH” ”QPI”
[26/06/2023 10:52:38] “JP” “PRODUCT SEARCH” ”Q”
[26/06/2023 10:52:45] “JP” “PRODUCT SEARCH” ”PI”
[26/06/2023 10:53:07] “JP” “PRODUCT SEARCH” ”PI”
[26/06/2023 11:44:09] “JP” “PRODUCT SEARCH” 
[26/06/2023 11:44:22] “JP” “PRODUCT SEARCH” 
[26/06/2023 11:58:10] “JP” “PRODUCT SEARCH” 
[26/06/2023 11:59:40] “JP” “PRODUCT SEARCH” 
[26/06/2023 12:14:50] “JP” “PRODUCT SEARCH” 
[26/06/2023 12:57:26] “JP” “PRODUCT SEARCH” ”LG-2”
[26/06/2023 13:00:13] “JP” “PRODUCT SEARCH” 
[26/06/2023 13:42:29] “JP” “PRODUCT SEARCH” 
[26/06/2023 13:45:42] “JP” “PRODUCT SEARCH” ”Nano”
[26/06/2023 13:45:54] “JP” “PRODUCT SEARCH” ”Nano”
[26/06/2023 13:48:00] “JP” “PRODUCT SEARCH” 
[26/06/2023 13:59:23] “JP” “PRODUCT SEARCH” ”Nano”
[26/06/2023 14:05:48] “JP” “PRODUCT SEARCH” ”ドコサラクトン”
[26/06/2023 14:06:40] “JP” “PRODUCT SEARCH” 
[26/06/2023 14:08:34] “JP” “PRODUCT SEARCH” 
[26/06/2023 14:10:35] “JP” “PRODUCT SEARCH” 
[26/06/2023 14:24:16] “JP” “PRODUCT SEARCH” ”トコフェロール”
[26/06/2023 14:33:08] “JP” “PRODUCT SEARCH” 
[26/06/2023 14:53:30] “JP” “PRODUCT SEARCH” 
[26/06/2023 14:57:46] “JP” “PRODUCT SEARCH” 
[26/06/2023 14:57:59] “JP” “PRODUCT SEARCH” ”うねり”
[26/06/2023 14:58:46] “JP” “PRODUCT SEARCH” 
[26/06/2023 14:58:53] “JP” “PRODUCT SEARCH” ”うねり”
[26/06/2023 14:59:06] “JP” “PRODUCT SEARCH” 
[26/06/2023 14:59:12] “JP” “PRODUCT SEARCH” ”うねり”
[26/06/2023 14:59:21] “JP” “PRODUCT SEARCH” 
[26/06/2023 15:34:39] “JP” “PRODUCT SEARCH” ”V”
[26/06/2023 15:44:57] “JP” “PRODUCT SEARCH” ”ＴＰ”
[26/06/2023 15:45:20] “JP” “PRODUCT SEARCH” ”ＴＰ”
[26/06/2023 15:45:27] “JP” “PRODUCT SEARCH” ”ＴＰ”
[26/06/2023 17:08:55] “JP” “PRODUCT SEARCH” ”フィトプレソーム”
[26/06/2023 17:54:23] “JP” “PRODUCT SEARCH” 
[26/06/2023 17:55:08] “JP” “PRODUCT SEARCH” ”IPM”
[26/06/2023 17:56:15] “JP” “PRODUCT SEARCH” ”IPP”
[26/06/2023 17:57:30] “JP” “PRODUCT SEARCH” 
[26/06/2023 18:01:53] “JP” “PRODUCT SEARCH” ”des”
[26/06/2023 18:03:21] “JP” “PRODUCT SEARCH” ”ddia”
[26/06/2023 18:03:24] “JP” “PRODUCT SEARCH” ”ｄｉａ”
[26/06/2023 18:03:44] “JP” “PRODUCT SEARCH” 
[26/06/2023 18:04:22] “JP” “PRODUCT SEARCH” 
[26/06/2023 18:04:22] “JP” “PRODUCT SEARCH” 
[26/06/2023 18:04:41] “JP” “PRODUCT SEARCH” ”ＹＯＦＣＯ”
[26/06/2023 18:04:58] “JP” “PRODUCT SEARCH” ”Ｐｌａｎｄｏｏｌ－Ｈ”
[26/06/2023 18:05:08] “JP” “PRODUCT SEARCH” 
[26/06/2023 18:05:54] “JP” “PRODUCT SEARCH” ”ＦＡ－ＮＨ”
[26/06/2023 18:06:04] “JP” “PRODUCT SEARCH” ”FA-NH”
[26/06/2023 18:06:07] “JP” “PRODUCT SEARCH” ”FA NH”
[26/06/2023 18:06:23] “JP” “PRODUCT SEARCH” ”ＹＯＦＣＯ ＦＡ－ＮＨ”
[26/06/2023 18:18:03] “JP” “PRODUCT SEARCH” 
[26/06/2023 18:18:22] “JP” “PRODUCT SEARCH” 
[26/06/2023 18:25:55] “JP” “PRODUCT SEARCH” 
[26/06/2023 18:27:15] “JP” “PRODUCT SEARCH” ”メトキシケイヒ”
[26/06/2023 18:27:25] “JP” “PRODUCT SEARCH” 
[26/06/2023 18:28:07] “JP” “PRODUCT SEARCH” ”pg”
[26/06/2023 18:28:18] “JP” “PRODUCT SEARCH” ”pg”
[26/06/2023 18:28:23] “JP” “PRODUCT SEARCH” ”ジメチコン”
[26/06/2023 18:28:41] “JP” “PRODUCT SEARCH” ”エチルヘキシルトリアゾン”
[26/06/2023 18:28:47] “JP” “PRODUCT SEARCH” ”エチルヘキシル”
[26/06/2023 18:29:10] “JP” “PRODUCT SEARCH” ”ジエチル”
[26/06/2023 18:29:23] “JP” “PRODUCT SEARCH” ”ジメチコン”
[26/06/2023 18:29:38] “JP” “PRODUCT SEARCH” ”ジエチルアミノヒドロ”
[26/06/2023 18:29:41] “JP” “PRODUCT SEARCH” ”ジエチルアミノ”
[26/06/2023 18:29:55] “JP” “PRODUCT SEARCH” ”ジエチル”
[26/06/2023 18:30:02] “JP” “PRODUCT SEARCH” ”ジメチコン”
[26/06/2023 18:30:08] “JP” “PRODUCT SEARCH” ”ジメチコン”
[26/06/2023 18:30:14] “JP” “PRODUCT SEARCH” ”ジエチル”
[26/06/2023 18:30:50] “JP” “PRODUCT SEARCH” ”ジメチコン”
[26/06/2023 18:30:56] “JP” “PRODUCT SEARCH” ”ヘキシル”
[26/06/2023 18:31:22] “JP” “PRODUCT SEARCH” ”カルボキシ”
[26/06/2023 18:31:25] “JP” “PRODUCT SEARCH” ”カルボ”
[26/06/2023 18:31:46] “JP” “PRODUCT SEARCH” ”カルボキシ”
[26/06/2023 18:31:56] “JP” “PRODUCT SEARCH” ”加水”
[26/06/2023 18:32:27] “JP” “PRODUCT SEARCH” ”カルボキシ”
[26/06/2023 18:32:34] “JP” “PRODUCT SEARCH” ”クインス”
[26/06/2023 18:32:36] “JP” “PRODUCT SEARCH” ”クインス”
[26/06/2023 18:32:42] “JP” “PRODUCT SEARCH” ”シード”
[26/06/2023 18:32:45] “JP” “PRODUCT SEARCH” ”ラノリン脂肪酸エステル”
[26/06/2023 18:33:02] “JP” “PRODUCT SEARCH” ”ヒメフロウ”
[26/06/2023 18:33:04] “JP” “PRODUCT SEARCH” ”ヒメフロウ”
[26/06/2023 18:33:18] “JP” “PRODUCT SEARCH” ”ジラウラ”
[26/06/2023 18:33:20] “JP” “PRODUCT SEARCH” ”ジラウラ”
[26/06/2023 18:33:31] “JP” “PRODUCT SEARCH” 
[26/06/2023 18:33:35] “JP” “PRODUCT SEARCH” ”ミドリシン”
[26/06/2023 18:33:36] “JP” “PRODUCT SEARCH” ”ミドリシン”
[26/06/2023 18:33:53] “JP” “PRODUCT SEARCH” ”酢酸トコフェロール”
[26/06/2023 18:33:55] “JP” “PRODUCT SEARCH” ”酢酸トコフェロール”
[26/06/2023 18:33:56] “JP” “PRODUCT SEARCH” ”酢酸トコフェロール”
[26/06/2023 18:34:11] “JP” “PRODUCT SEARCH” ”アクリレーツ”
[26/06/2023 18:34:12] “JP” “PRODUCT SEARCH” ”アクリレーツ”
[26/06/2023 18:34:13] “JP” “PRODUCT SEARCH” ”アクリレーツ”
[26/06/2023 18:34:24] “JP” “PRODUCT SEARCH” ”アクリル”
[26/06/2023 18:34:35] “JP” “PRODUCT SEARCH” ”クロスポリマー”
[26/06/2023 18:34:44] “JP” “PRODUCT SEARCH” ”カルボ”
[26/06/2023 18:34:56] “JP” “PRODUCT SEARCH” ”fa-OR”
[26/06/2023 18:34:56] “JP” “PRODUCT SEARCH” ”カルボキシ”
[26/06/2023 18:35:01] “JP” “PRODUCT SEARCH” ”水酸化”
[26/06/2023 18:35:14] “JP” “PRODUCT SEARCH” ”メチル”
[26/06/2023 18:35:30] “JP” “PRODUCT SEARCH” ”カルボキシ”
[26/06/2023 18:36:03] “JP” “PRODUCT SEARCH” 
[26/06/2023 21:04:28] “JP” “PRODUCT SEARCH” 
[26/06/2023 21:05:12] “JP” “PRODUCT SEARCH” 
[27/06/2023 08:24:52] “JP” “PRODUCT SEARCH” 
[27/06/2023 08:25:25] “JP” “PRODUCT SEARCH” 
[27/06/2023 08:26:18] “JP” “PRODUCT SEARCH” 
[27/06/2023 08:27:10] “JP” “PRODUCT SEARCH” 
[27/06/2023 08:27:53] “JP” “PRODUCT SEARCH” 
[27/06/2023 08:28:16] “JP” “PRODUCT SEARCH” ”PSE”
[27/06/2023 08:28:29] “JP” “PRODUCT SEARCH” 
[27/06/2023 08:34:22] “JP” “PRODUCT SEARCH” 
[27/06/2023 08:52:40] “JP” “PRODUCT SEARCH” 
[27/06/2023 09:09:18] “JP” “PRODUCT SEARCH” 
[27/06/2023 09:42:24] “JP” “PRODUCT SEARCH” ”phytoprespme”
[27/06/2023 09:42:27] “JP” “PRODUCT SEARCH” ”phytoprespme”
[27/06/2023 09:42:38] “JP” “PRODUCT SEARCH” 
[27/06/2023 09:57:39] “JP” “PRODUCT SEARCH” 
[27/06/2023 09:57:45] “JP” “PRODUCT SEARCH” 
[27/06/2023 10:14:26] “JP” “PRODUCT SEARCH” 
[27/06/2023 10:37:16] “JP” “PRODUCT SEARCH” ”PRI”
[27/06/2023 10:38:27] “JP” “PRODUCT SEARCH” 
[27/06/2023 10:54:24] “JP” “PRODUCT SEARCH” 
[27/06/2023 10:54:47] “JP” “PRODUCT SEARCH” ”シルク”
[27/06/2023 10:55:01] “JP” “PRODUCT SEARCH” ”シルク”
[27/06/2023 11:32:46] “JP” “PRODUCT SEARCH” 
[27/06/2023 11:56:43] “JP” “PRODUCT SEARCH” 
[27/06/2023 13:51:18] “JP” “PRODUCT SEARCH” ”ECONOL”
[27/06/2023 13:51:28] “JP” “PRODUCT SEARCH” ”ECOLANOL”
[27/06/2023 13:51:37] “JP” “PRODUCT SEARCH” ”Ecolanol”
[27/06/2023 13:51:54] “JP” “PRODUCT SEARCH” 
[27/06/2023 13:52:18] “JP” “PRODUCT SEARCH” ”Ecolano　L-30”
[27/06/2023 13:52:35] “JP” “PRODUCT SEARCH” ”Ecolano　L-30”
[27/06/2023 13:52:36] “JP” “PRODUCT SEARCH” ”Ecolano　L-30”
[27/06/2023 14:17:35] “JP” “PRODUCT SEARCH” 
[27/06/2023 14:17:54] “JP” “PRODUCT SEARCH” 
[27/06/2023 15:15:07] “JP” “PRODUCT SEARCH” 
[27/06/2023 15:17:01] “JP” “PRODUCT SEARCH” ”Ecolona FE-1SS”
[27/06/2023 15:17:08] “JP” “PRODUCT SEARCH” ”FE-1SS”
[27/06/2023 15:29:23] “JP” “PRODUCT SEARCH” ”Ecolona FE-1SS”
[27/06/2023 15:29:39] “JP” “PRODUCT SEARCH” ”Ecolona FE”
[27/06/2023 15:29:48] “JP” “PRODUCT SEARCH” ”Ecolono”
[27/06/2023 15:29:50] “JP” “PRODUCT SEARCH” ”Ecolono”
[27/06/2023 15:29:56] “JP” “PRODUCT SEARCH” 
[27/06/2023 15:51:26] “JP” “PRODUCT SEARCH” 
[27/06/2023 16:04:51] “JP” “PRODUCT SEARCH” ”イソノナン酸イソノニル”
[27/06/2023 16:18:07] “JP” “PRODUCT SEARCH” 
[27/06/2023 16:28:31] “JP” “PRODUCT SEARCH” ”菊粉sc”
[27/06/2023 16:28:59] “JP” “PRODUCT SEARCH” 
[27/06/2023 17:44:21] “JP” “PRODUCT SEARCH” 
[27/06/2023 17:45:12] “JP” “PRODUCT SEARCH” 
[27/06/2023 18:14:52] “JP” “PRODUCT SEARCH” 
[28/06/2023 09:27:57] “JP” “PRODUCT SEARCH” 
[28/06/2023 09:39:52] “JP” “PRODUCT SEARCH” ”Phytocompo-PP”
[28/06/2023 10:18:44] “JP” “PRODUCT SEARCH” 
[28/06/2023 10:27:39] “JP” “PRODUCT SEARCH” 
[28/06/2023 10:28:23] “JP” “PRODUCT SEARCH” ”シロキクラゲ多糖体”
[28/06/2023 10:29:33] “JP” “PRODUCT SEARCH” ”シロキクラゲ多糖体”
[28/06/2023 10:33:19] “JP” “PRODUCT SEARCH” 
[28/06/2023 12:38:47] “JP” “PRODUCT SEARCH” ”Ethyl Ascorbic Acid”
[28/06/2023 13:29:21] “JP” “PRODUCT SEARCH” 
[28/06/2023 13:33:09] “JP” “PRODUCT SEARCH” 
[28/06/2023 13:39:29] “JP” “PRODUCT SEARCH” 
[28/06/2023 13:44:08] “JP” “PRODUCT SEARCH” 
[28/06/2023 13:49:27] “JP” “PRODUCT SEARCH” ”aQULI”
[28/06/2023 14:05:56] “JP” “PRODUCT SEARCH” ”NanoRepair-EL”
[28/06/2023 14:08:40] “JP” “PRODUCT SEARCH” 
[28/06/2023 14:12:37] “JP” “PRODUCT SEARCH” 
[28/06/2023 15:51:54] “JP” “PRODUCT SEARCH” 
[28/06/2023 15:52:10] “JP” “PRODUCT SEARCH” 
[28/06/2023 15:56:19] “JP” “PRODUCT SEARCH” ”3-O-ETHYL ASCORBIC ACID”
[28/06/2023 16:31:59] “JP” “PRODUCT SEARCH” ”ミリスチン酸イソプロピル”
[28/06/2023 16:40:55] “JP” “PRODUCT SEARCH” 
[28/06/2023 16:40:59] “JP” “PRODUCT SEARCH” 
[28/06/2023 16:41:50] “JP” “PRODUCT SEARCH” ”200”
[28/06/2023 16:42:00] “JP” “PRODUCT SEARCH” ”ecelan”
[28/06/2023 16:42:07] “JP” “PRODUCT SEARCH” ”ecce”
[28/06/2023 16:42:21] “JP” “PRODUCT SEARCH” ”ミリスチン酸イソプロピル”
[28/06/2023 17:31:54] “JP” “PRODUCT SEARCH” 
[28/06/2023 18:05:14] “JP” “PRODUCT SEARCH” 
[28/06/2023 18:45:51] “JP” “PRODUCT SEARCH” ”NANOREPAIR-EL”
[28/06/2023 21:51:42] “JP” “PRODUCT SEARCH” 
[28/06/2023 21:52:26] “JP” “PRODUCT SEARCH” 
[28/06/2023 21:52:48] “JP” “PRODUCT SEARCH” 
[28/06/2023 21:58:27] “JP” “PRODUCT SEARCH” 
[29/06/2023 03:14:47] “JP” “PRODUCT SEARCH” 
[29/06/2023 08:08:41] “JP” “PRODUCT SEARCH” 
[29/06/2023 09:36:45] “JP” “PRODUCT SEARCH” 
[29/06/2023 09:53:02] “JP” “PRODUCT SEARCH” 
[29/06/2023 10:09:04] “JP” “PRODUCT SEARCH” ”エレカラクトン”
[29/06/2023 10:21:26] “JP” “PRODUCT SEARCH” ”エレカラクトン”
[29/06/2023 10:22:35] “JP” “PRODUCT SEARCH” ”3-O-ETHYL ASCORBIC ACID”
[29/06/2023 10:28:16] “JP” “PRODUCT SEARCH” ”エレカラクトン”
[29/06/2023 11:27:08] “JP” “PRODUCT SEARCH” 
[29/06/2023 11:27:46] “JP” “PRODUCT SEARCH” 
[29/06/2023 12:55:54] “JP” “PRODUCT SEARCH” ”リペアリキッド”
[29/06/2023 12:56:07] “JP” “PRODUCT SEARCH” 
[29/06/2023 12:59:14] “JP” “PRODUCT SEARCH” 
[29/06/2023 12:59:16] “JP” “PRODUCT SEARCH” 
[29/06/2023 13:36:31] “JP” “PRODUCT SEARCH” 
[29/06/2023 13:54:32] “JP” “PRODUCT SEARCH” ”CICA”
[29/06/2023 13:59:47] “JP” “PRODUCT SEARCH” 
[29/06/2023 14:01:13] “JP” “PRODUCT SEARCH” ”PSE”
[29/06/2023 14:53:01] “JP” “PRODUCT SEARCH” ”ダイマージリノレイル”
[29/06/2023 15:04:45] “JP” “PRODUCT SEARCH” ”ダイマージリノレイル”
[29/06/2023 15:48:29] “JP” “PRODUCT SEARCH” 
[29/06/2023 15:59:01] “JP” “PRODUCT SEARCH” 
[29/06/2023 15:59:35] “JP” “PRODUCT SEARCH” 
[29/06/2023 16:00:23] “JP” “PRODUCT SEARCH” ”Aqua”
[29/06/2023 16:01:02] “JP” “PRODUCT SEARCH” ”phitocompo”
[29/06/2023 16:01:10] “JP” “PRODUCT SEARCH” 
[29/06/2023 16:01:51] “JP” “PRODUCT SEARCH” ”リポソーム　SP”
[29/06/2023 16:01:59] “JP” “PRODUCT SEARCH” ”SP”
[29/06/2023 16:02:36] “JP” “PRODUCT SEARCH” ”ｐｐ”
[29/06/2023 16:05:03] “JP” “PRODUCT SEARCH” ”SL”
[29/06/2023 16:19:46] “JP” “PRODUCT SEARCH” ”ｎａｎｏ”
[29/06/2023 16:21:01] “JP” “PRODUCT SEARCH” 
[29/06/2023 17:16:33] “JP” “PRODUCT SEARCH” 
[30/06/2023 09:02:01] “JP” “PRODUCT SEARCH” 
[30/06/2023 09:19:43] “JP” “PRODUCT SEARCH” 
[30/06/2023 09:20:21] “JP” “PRODUCT SEARCH” 
[30/06/2023 09:20:36] “JP” “PRODUCT SEARCH” ”SPラノリン”
[30/06/2023 09:20:42] “JP” “PRODUCT SEARCH” 
[30/06/2023 09:49:37] “JP” “PRODUCT SEARCH” ”アクア”
[30/06/2023 09:52:05] “JP” “PRODUCT SEARCH” 
[30/06/2023 10:10:09] “JP” “PRODUCT SEARCH” 
[30/06/2023 10:33:29] “JP” “PRODUCT SEARCH” ”EL”
[30/06/2023 11:32:38] “JP” “PRODUCT SEARCH” 
[30/06/2023 11:50:23] “JP” “PRODUCT SEARCH” 
[30/06/2023 12:48:02] “JP” “PRODUCT SEARCH” ”Purified Lanolin”
[30/06/2023 12:48:06] “JP” “PRODUCT SEARCH” ”Lanolin”
[30/06/2023 12:48:53] “JP” “PRODUCT SEARCH” ”Purified Lanolin”
[30/06/2023 12:48:58] “JP” “PRODUCT SEARCH” ”Lanolin”
[30/06/2023 12:49:14] “JP” “PRODUCT SEARCH” ”Purified Lanolin”
[30/06/2023 12:49:39] “JP” “PRODUCT SEARCH” 
[30/06/2023 13:05:26] “JP” “PRODUCT SEARCH” ”レシチン”
[30/06/2023 13:06:31] “JP” “PRODUCT SEARCH” ”レシチン”
[30/06/2023 13:07:30] “JP” “PRODUCT SEARCH” ”レシチン”
[30/06/2023 13:13:59] “JP” “PRODUCT SEARCH” 
[30/06/2023 13:29:02] “JP” “PRODUCT SEARCH” 
[30/06/2023 14:34:38] “JP” “PRODUCT SEARCH” ”FA-NH”
[30/06/2023 14:34:39] “JP” “PRODUCT SEARCH” ”FA-NH”
[30/06/2023 14:34:39] “JP” “PRODUCT SEARCH” ”FA-NH”
[30/06/2023 14:34:42] “JP” “PRODUCT SEARCH” ”FA”
[30/06/2023 14:34:42] “JP” “PRODUCT SEARCH” ”FA”
[30/06/2023 14:35:43] “JP” “PRODUCT SEARCH” 
[30/06/2023 15:36:30] “JP” “PRODUCT SEARCH” 
[30/06/2023 16:25:22] “JP” “PRODUCT SEARCH” ”DES”
[30/06/2023 16:25:40] “JP” “PRODUCT SEARCH” ”DES”
[30/06/2023 16:27:26] “JP” “PRODUCT SEARCH” 
[30/06/2023 16:27:33] “JP” “PRODUCT SEARCH” ”Nano”
[30/06/2023 16:27:48] “JP” “PRODUCT SEARCH” 
[30/06/2023 16:33:42] “JP” “PRODUCT SEARCH” 
[30/06/2023 16:33:59] “JP” “PRODUCT SEARCH” 
[30/06/2023 16:34:04] “JP” “PRODUCT SEARCH” 
[30/06/2023 16:38:27] “JP” “PRODUCT SEARCH” 
[30/06/2023 16:38:44] “JP” “PRODUCT SEARCH” 
[30/06/2023 16:38:50] “JP” “PRODUCT SEARCH” 
[30/06/2023 16:39:22] “JP” “PRODUCT SEARCH” 
[30/06/2023 16:47:47] “JP” “PRODUCT SEARCH” 
[30/06/2023 16:50:03] “JP” “PRODUCT SEARCH” 
[30/06/2023 17:09:02] “JP” “PRODUCT SEARCH” 
[30/06/2023 18:32:14] “JP” “PRODUCT SEARCH” 
[30/06/2023 19:42:12] “JP” “PRODUCT SEARCH” ”天然ヒト型セラミド”
[30/06/2023 19:42:25] “JP” “PRODUCT SEARCH” 
[30/06/2023 21:13:58] “JP” “PRODUCT SEARCH” 
